<?xml version="1.0"?>
<!DOCTYPE coverage SYSTEM "http://cobertura.sourceforge.net/xml/coverage-04.dtd">

<coverage line-rate="0.3333333333333333" branch-rate="1.0" lines-covered="1" lines-valid="3" branches-covered="0" branches-valid="0" complexity="1.0" version="2.1.1" timestamp="1506600912196">
	<sources>
		<source>--source</source>
		<source>/var/lib/jenkins/moi/sample-spring-boot/src/main/java</source>
	</sources>
	<packages>
		<package name="com.example" line-rate="0.3333333333333333" branch-rate="1.0" complexity="1.0">
			<classes>
				<class name="com.example.DemoApplication" filename="com/example/DemoApplication.java" line-rate="0.3333333333333333" branch-rate="1.0" complexity="1.0">
					<methods>
						<method name="&lt;init&gt;" signature="()V" line-rate="1.0" branch-rate="1.0" complexity="0">
							<lines>
								<line number="7" hits="1" branch="false"/>
							</lines>
						</method>
						<method name="main" signature="([Ljava/lang/String;)V" line-rate="0.0" branch-rate="1.0" complexity="0">
							<lines>
								<line number="10" hits="0" branch="false"/>
								<line number="11" hits="0" branch="false"/>
							</lines>
						</method>
					</methods>
					<lines>
						<line number="7" hits="1" branch="false"/>
						<line number="10" hits="0" branch="false"/>
						<line number="11" hits="0" branch="false"/>
					</lines>
				</class>
			</classes>
		</package>
	</packages>
</coverage>
